2016-11-08 16:16:45 - PHP Notice:  Undefined variable: column_left in C:\wamp64\www\hermaprove\upload\catalog\view\theme\default\template\common\header.tpl on line 2
2016-11-08 16:16:45 - PHP Notice:  Undefined variable: column_left in C:\wamp64\www\hermaprove\upload\catalog\view\theme\default\template\common\header.tpl on line 3
2016-11-08 16:16:45 - PHP Notice:  Undefined variable: column_left in C:\wamp64\www\hermaprove\upload\catalog\view\theme\default\template\common\header.tpl on line 5
2016-11-08 16:16:45 - PHP Notice:  Undefined variable: column_right in C:\wamp64\www\hermaprove\upload\catalog\view\theme\default\template\common\header.tpl on line 5
2016-11-08 16:16:45 - PHP Notice:  Undefined variable: content_top in C:\wamp64\www\hermaprove\upload\catalog\view\theme\default\template\common\header.tpl on line 10
2016-11-08 16:16:45 - PHP Notice:  Undefined variable: content_bottom in C:\wamp64\www\hermaprove\upload\catalog\view\theme\default\template\common\header.tpl on line 10
2016-11-08 16:16:45 - PHP Notice:  Undefined variable: column_right in C:\wamp64\www\hermaprove\upload\catalog\view\theme\default\template\common\header.tpl on line 11
2016-11-08 16:56:50 - PHP Notice:  Undefined variable: category in C:\wamp64\www\hermaprove\upload\catalog\view\theme\default\template\common\header.tpl on line 89
2016-11-08 16:56:50 - PHP Notice:  Undefined variable: child in C:\wamp64\www\hermaprove\upload\catalog\view\theme\default\template\common\header.tpl on line 93
2016-11-08 16:57:29 - PHP Notice:  Undefined variable: child in C:\wamp64\www\hermaprove\upload\catalog\view\theme\default\template\common\header.tpl on line 93
2016-11-08 16:57:45 - PHP Notice:  Undefined variable: child in C:\wamp64\www\hermaprove\upload\catalog\view\theme\default\template\common\header.tpl on line 93
2016-11-08 17:00:34 - PHP Notice:  Undefined variable: child in C:\wamp64\www\hermaprove\upload\catalog\view\theme\default\template\common\header.tpl on line 95
2016-11-08 17:00:46 - PHP Notice:  Undefined variable: child in C:\wamp64\www\hermaprove\upload\catalog\view\theme\default\template\common\header.tpl on line 95
2016-11-08 17:00:52 - PHP Notice:  Undefined variable: child in C:\wamp64\www\hermaprove\upload\catalog\view\theme\default\template\common\header.tpl on line 95
2016-11-10 21:37:44 - PHP Notice:  Undefined variable: text_description in C:\wamp64\www\hermaprove\upload\catalog\view\theme\default\template\common\header.tpl on line 72
2016-11-11 22:07:58 - PHP Warning:  mail(): Failed to connect to mailserver at &quot;localhost&quot; port 25, verify your &quot;SMTP&quot; and &quot;smtp_port&quot; setting in php.ini or use ini_set() in C:\wamp64\www\hermaprove\upload\system\library\mail.php on line 158
2016-11-11 22:07:59 - PHP Warning:  sprintf(): Too few arguments in C:\wamp64\www\hermaprove\upload\catalog\controller\account\success.php on line 32
2016-11-15 4:33:20 - PHP Warning:  mail(): Failed to connect to mailserver at &quot;localhost&quot; port 25, verify your &quot;SMTP&quot; and &quot;smtp_port&quot; setting in php.ini or use ini_set() in C:\wampx64\www\hermaprove\upload\system\library\mail.php on line 158
2016-11-15 4:33:20 - PHP Warning:  sprintf(): Too few arguments in C:\wampx64\www\hermaprove\upload\catalog\controller\account\success.php on line 32
2016-11-19 4:16:33 - PHP Warning:  mail(): Failed to connect to mailserver at &quot;localhost&quot; port 25, verify your &quot;SMTP&quot; and &quot;smtp_port&quot; setting in php.ini or use ini_set() in C:\wampx64\www\hermaprove\upload\system\library\mail.php on line 158
2016-11-19 4:16:33 - PHP Warning:  sprintf(): Too few arguments in C:\wampx64\www\hermaprove\upload\catalog\controller\account\success.php on line 32
2016-11-19 4:16:42 - PHP Warning:  sprintf(): Too few arguments in C:\wampx64\www\hermaprove\upload\catalog\controller\account\success.php on line 32
2016-11-22 4:09:11 - PHP Warning:  mail(): Failed to connect to mailserver at &quot;localhost&quot; port 25, verify your &quot;SMTP&quot; and &quot;smtp_port&quot; setting in php.ini or use ini_set() in C:\wampx64\www\hermaprove\upload\system\library\mail.php on line 158
2016-11-24 4:49:23 - PHP Notice:  Undefined variable: column_left in C:\wampx64\www\hermaprove\upload\catalog\view\theme\default\template\common\column_right.tpl on line 3
2016-11-24 4:55:54 - PHP Notice:  A non well formed numeric value encountered in C:\wampx64\www\hermaprove\upload\system\library\image.php on line 105
2016-11-24 4:55:54 - PHP Notice:  A non well formed numeric value encountered in C:\wampx64\www\hermaprove\upload\system\library\image.php on line 116
2016-11-24 4:55:54 - PHP Notice:  A non well formed numeric value encountered in C:\wampx64\www\hermaprove\upload\system\library\image.php on line 105
2016-11-24 4:55:54 - PHP Notice:  A non well formed numeric value encountered in C:\wampx64\www\hermaprove\upload\system\library\image.php on line 116
2016-11-24 4:55:54 - PHP Notice:  A non well formed numeric value encountered in C:\wampx64\www\hermaprove\upload\system\library\image.php on line 105
2016-11-24 4:55:54 - PHP Notice:  A non well formed numeric value encountered in C:\wampx64\www\hermaprove\upload\system\library\image.php on line 116
2016-11-24 9:20:01 - PHP Notice:  Undefined variable: child in C:\wampx64\www\hermaprove\upload\catalog\view\theme\default\template\common\header.tpl on line 180
2016-11-24 9:20:01 - PHP Notice:  Undefined variable: children in C:\wampx64\www\hermaprove\upload\catalog\view\theme\default\template\common\header.tpl on line 183
2016-11-24 9:20:01 - PHP Warning:  Invalid argument supplied for foreach() in C:\wampx64\www\hermaprove\upload\catalog\view\theme\default\template\common\header.tpl on line 183
2016-11-24 9:20:29 - PHP Notice:  Undefined variable: children in C:\wampx64\www\hermaprove\upload\catalog\view\theme\default\template\common\header.tpl on line 183
2016-11-24 9:20:29 - PHP Warning:  Invalid argument supplied for foreach() in C:\wampx64\www\hermaprove\upload\catalog\view\theme\default\template\common\header.tpl on line 183
2016-11-24 9:28:16 - PHP Notice:  Array to string conversion in C:\wampx64\www\hermaprove\upload\catalog\view\theme\default\template\common\header.tpl on line 185
2016-11-24 9:28:16 - PHP Notice:  Array to string conversion in C:\wampx64\www\hermaprove\upload\catalog\view\theme\default\template\common\header.tpl on line 185
2016-11-24 9:28:16 - PHP Notice:  Array to string conversion in C:\wampx64\www\hermaprove\upload\catalog\view\theme\default\template\common\header.tpl on line 185
2016-11-24 9:28:16 - PHP Notice:  Array to string conversion in C:\wampx64\www\hermaprove\upload\catalog\view\theme\default\template\common\header.tpl on line 185
2016-11-24 9:36:52 - PHP Unknown:  Object of class stdClass could not be converted to string in C:\wampx64\www\hermaprove\upload\catalog\model\catalog\category.php on line 12
2016-11-24 9:36:52 - PHP Unknown:  Object of class stdClass could not be converted to string in C:\wampx64\www\hermaprove\upload\catalog\model\catalog\category.php on line 12
2016-11-24 9:36:52 - PHP Unknown:  Object of class stdClass could not be converted to string in C:\wampx64\www\hermaprove\upload\catalog\model\catalog\category.php on line 12
2016-11-24 9:37:47 - PHP Notice:  Undefined index: category in C:\wampx64\www\hermaprove\upload\catalog\view\theme\default\template\common\header.tpl on line 186
2016-11-24 9:37:47 - PHP Notice:  Undefined index: category in C:\wampx64\www\hermaprove\upload\catalog\view\theme\default\template\common\header.tpl on line 186
2016-11-24 9:37:47 - PHP Notice:  Undefined index: category in C:\wampx64\www\hermaprove\upload\catalog\view\theme\default\template\common\header.tpl on line 186
2016-11-24 9:37:47 - PHP Notice:  Undefined index: category in C:\wampx64\www\hermaprove\upload\catalog\view\theme\default\template\common\header.tpl on line 186
